{"numFailedTestSuites":0,"numFailedTests":0,"numPassedTestSuites":3,"numPassedTests":11,"numPendingTestSuites":0,"numPendingTests":0,"numRuntimeErrorTestSuites":0,"numTodoTests":0,"numTotalTestSuites":3,"numTotalTests":11,"openHandles":[],"snapshot":{"added":0,"didUpdate":false,"failure":false,"filesAdded":0,"filesRemoved":0,"filesRemovedList":[],"filesUnmatched":0,"filesUpdated":0,"matched":0,"total":0,"unchecked":0,"uncheckedKeysByFile":[],"unmatched":0,"updated":0},"startTime":1721625700583,"success":true,"testResults":[{"assertionResults":[{"ancestorTitles":["transaction slice reducers"],"failureMessages":[],"fullName":"transaction slice reducers should handle addTransactionEntry","location":null,"status":"passed","title":"should handle addTransactionEntry"},{"ancestorTitles":["transaction slice reducers"],"failureMessages":[],"fullName":"transaction slice reducers should handle removeTransactionEntry","location":null,"status":"passed","title":"should handle removeTransactionEntry"},{"ancestorTitles":["transaction slice reducers"],"failureMessages":[],"fullName":"transaction slice reducers should handle removeAllTransactions","location":null,"status":"passed","title":"should handle removeAllTransactions"}],"endTime":1721625712043,"message":"","name":"/mnt/c/Users/trive/Documents/crioContent/xTracker-master (2)/xTracker-master/src/__tests__/transactionSlice.test.js","startTime":1721625705480,"status":"passed","summary":""},{"assertionResults":[{"ancestorTitles":["user slice reducers"],"failureMessages":[],"fullName":"user slice reducers should handle updateUserName","location":null,"status":"passed","title":"should handle updateUserName"},{"ancestorTitles":["user slice reducers"],"failureMessages":[],"fullName":"user slice reducers should handle updateMonthlyBudget","location":null,"status":"passed","title":"should handle updateMonthlyBudget"},{"ancestorTitles":["user slice reducers"],"failureMessages":[],"fullName":"user slice reducers should handle updateCategoricalBudget","location":null,"status":"passed","title":"should handle updateCategoricalBudget"},{"ancestorTitles":["user slice reducers"],"failureMessages":[],"fullName":"user slice reducers should handle updateActiveFilter","location":null,"status":"passed","title":"should handle updateActiveFilter"},{"ancestorTitles":["user slice reducers"],"failureMessages":[],"fullName":"user slice reducers should handle resetAllBudget","location":null,"status":"passed","title":"should handle resetAllBudget"}],"endTime":1721625712046,"message":"","name":"/mnt/c/Users/trive/Documents/crioContent/xTracker-master (2)/xTracker-master/src/__tests__/userSlice.test.js","startTime":1721625705479,"status":"passed","summary":""},{"assertionResults":[{"ancestorTitles":["expense slice reducers"],"failureMessages":[],"fullName":"expense slice reducers should handle updateTotalExpense","location":null,"status":"passed","title":"should handle updateTotalExpense"},{"ancestorTitles":["expense slice reducers"],"failureMessages":[],"fullName":"expense slice reducers should handle updateCategoricalExpense","location":null,"status":"passed","title":"should handle updateCategoricalExpense"},{"ancestorTitles":["expense slice reducers"],"failureMessages":[],"fullName":"expense slice reducers should handle resetAllExpense","location":null,"status":"passed","title":"should handle resetAllExpense"}],"endTime":1721625724458,"message":"","name":"/mnt/c/Users/trive/Documents/crioContent/xTracker-master (2)/xTracker-master/src/__tests__/expenseSlice.test.js","startTime":1721625710303,"status":"passed","summary":""}],"wasInterrupted":false}